[19:57:23 - main] [Cooja.java:1317] [INFO] - > Starting Cooja
[19:57:24 - main] [Cooja.java:2858] [INFO] - External tools default settings: /external_tools_linux_64.config
[19:57:24 - main] [Cooja.java:2888] [INFO] - External tools user settings: /home/user/.cooja.user.properties
[19:57:24 - main] [Cooja.java:4263] [WARN] - Replaced [APPS_DIR]/collect-view with /home/user/cooja/apps/collect-view (default: /home/user/cooja/apps), but could not find it. This does not have to be an error, as the file might be created later.
[19:57:24 - main] [Cooja.java:3627] [WARN] - Loaded simulation may depend on not found  extension: '/home/user/cooja/apps/collect-view'
[19:57:24 - main] [Simulation.java:422] [INFO] - Simulation random seed: 123456
[19:57:25 - main] [MspMote.java:235] [INFO] - Loading firmware from: /home/user/Desktop/IoT-2024-better-main/project-2024/app.sky
[19:57:25 - main] [MspMote.java:235] [INFO] - Loading firmware from: /home/user/Desktop/IoT-2024-better-main/project-2024/app.sky
[19:57:25 - main] [MspMote.java:235] [INFO] - Loading firmware from: /home/user/Desktop/IoT-2024-better-main/project-2024/app.sky
[19:57:25 - main] [MspMote.java:235] [INFO] - Loading firmware from: /home/user/Desktop/IoT-2024-better-main/project-2024/app.sky
[19:57:25 - main] [MspMote.java:235] [INFO] - Loading firmware from: /home/user/Desktop/IoT-2024-better-main/project-2024/app.sky
[19:57:25 - main] [MspMote.java:235] [INFO] - Loading firmware from: /home/user/Desktop/IoT-2024-better-main/project-2024/app.sky
[19:57:25 - main] [MspMote.java:235] [INFO] - Loading firmware from: /home/user/Desktop/IoT-2024-better-main/project-2024/app.sky
[19:57:26 - main] [MspMote.java:235] [INFO] - Loading firmware from: /home/user/Desktop/IoT-2024-better-main/project-2024/app.sky
[19:57:26 - main] [MspMote.java:235] [INFO] - Loading firmware from: /home/user/Desktop/IoT-2024-better-main/project-2024/app.sky
[19:57:26 - main] [MspMote.java:235] [INFO] - Loading firmware from: /home/user/Desktop/IoT-2024-better-main/project-2024/app.sky
[19:57:26 - main] [Visualizer.java:256] [INFO] - Registered external visualizer: org.contikios.cooja.plugins.skins.DGRMVisualizerSkin
[19:57:26 - main] [TimeLine.java:567] [INFO] - Zoom level: 50000.0 microseconds/pixel 
[19:57:28 - Thread-1] [Simulation.java:253] [INFO] - Simulation main loop started, system time: 1735239448278
[20:05:56 - Thread-1] [Simulation.java:312] [INFO] - Simulation main loop stopped, system time: 1735239956327	Duration: 508049 ms	Simulated time 1875467 ms	Ratio 3.69150810256491
